11111:
              precision    recall  f1-score   support

        -1.0       0.97      0.99      0.98        77
         1.0       0.98      0.95      0.96        43

    accuracy                           0.97       120
   macro avg       0.98      0.97      0.97       120
weighted avg       0.98      0.97      0.97       120

[[76  1]
 [ 2 41]]
22222
              precision    recall  f1-score   support

        -1.0       0.97      0.99      0.98        77
         1.0       0.98      0.95      0.96        43

    accuracy                           0.97       120
   macro avg       0.98      0.97      0.97       120
weighted avg       0.98      0.97      0.97       120

[[76  1]
 [ 2 41]]
SVC(C=32, cache_size=200, class_weight='balanced', coef0=0.0,
    decision_function_shape='ovr', degree=3, gamma=0.001953125, kernel='rbf',
    max_iter=-1, probability=True, random_state=None, shrinking=True, tol=0.001,
    verbose=False)