11111:
              precision    recall  f1-score   support

        -1.0       1.00      0.99      1.00       132
         1.0       0.98      1.00      0.99        62

    accuracy                           0.99       194
   macro avg       0.99      1.00      0.99       194
weighted avg       0.99      0.99      0.99       194

[[131   1]
 [  0  62]]
22222
              precision    recall  f1-score   support

        -1.0       1.00      0.99      1.00       132
         1.0       0.98      1.00      0.99        62

    accuracy                           0.99       194
   macro avg       0.99      1.00      0.99       194
weighted avg       0.99      0.99      0.99       194

[[131   1]
 [  0  62]]
SVC(C=2048, cache_size=200, class_weight='balanced', coef0=0.0,
    decision_function_shape='ovr', degree=3, gamma=0.0001220703125,
    kernel='rbf', max_iter=50000000, probability=True, random_state=None,
    shrinking=True, tol=0.001, verbose=False)